X-Makina Assembler - Version XM-23P Single Pass+ Assembler - Release 02.04.17
Input file name: Task3.asm
Time of assembly: Mon 20 May 2024 16:23:40 
  1	    	     	;
  2	    	     	; Count the number of bits set in a register
  3	    	     	;
  4	    	     	; Input: R0 - Register to count bits in
  5	    	     	; Output: R1 - Number of bits set
  6	    	     	;
  7	    	     	; Assuming a 32-bit register
  8	    	     	;
  9	    	     	
 10	    	     	STKTOP  equ     #FFC0   ; Stack top - PUSH (decr then write); PULL (read then incr)
 11	    	     	
 12	    	     	LR	equ	R5	; LR is alias of R5
 13	    	     	SP      equ     R6      ; SP is alias of R6 
 14	    	     	PC      equ     R7      ; PC is alias of R7
 15	    	     	
 16	    	     	        org     #1000
 17	    	     	
 18	    	     	Main
 19	1000	7606	        movls   STKTOP,SP       ; Initialize stack pointer
 20	    	     	
 21	1002	7078	        movls   #0F,R0  ; Example value for testing
 22	1004	0001	        bl      CountBits        ; Call the function
 23	    	     	
 24	    	     	Done    
 25	1006	3FFF	        bra     Done             ; Infinite loop to end the program
 26	    	     	
 27	    	     	; Function to count bits set in a register
 28	    	     	; Input: R0 - Register to count bits in
 29	    	     	; Output: R1 - Number of bits set
 30	    	     	
 31	    	     	CountBits
 32	1008	5F0E	        st      R1,-SP          ; Push R1 (to restore on exit)
 33	100A	6801	        movlz   #0,R1           ; Initialize R1 to 0 (count of set bits)
 34	    	     	
 35	    	     	CountLoop
 36	100C	4C02	        mov     R0,R2           ; Copy R0 to R2
 37	100E	478A	        and     #1,R2           ; Isolate the least significant bit
 38	1010	4011	        add     R2,R1           ; Add the isolated bit to the count
 39	1012	4D00	        sra     R0,#1           ; Shift R0 right by 1 bit arithmetic
 40	1014	4580	        cmp     #0,R0           ; Compare R0 with 0
 41	1016	27FA	        bne     CountLoop        ; If R0 is not 0, repeat the loop
 42	1018	58B1	        ld      SP+,R1          ; Restore R1
 43	101A	4C2F	        mov     LR,PC           ; Return to caller
 44	    	     	
 45	    	     	        end     Main

Successful completion of assembly - 2P

** Symbol table **
Name                               	Type	Value	Decimal
CountLoop                          	REL	100C	4108	PRI
Done                               	REL	1006	4102	PRI
CountBits                          	REL	1008	4104	PRI
Main                               	REL	1000	4096	PRI
PC                                 	REG	0007	7	PRI
SP                                 	REG	0006	6	PRI
LR                                 	REG	0005	5	PRI
STKTOP                             	CON	FFC0	-64	PRI
R7                                 	REG	0007	7	PRI
R6                                 	REG	0006	6	PRI
R5                                 	REG	0005	5	PRI
R4                                 	REG	0004	4	PRI
R3                                 	REG	0003	3	PRI
R2                                 	REG	0002	2	PRI
R1                                 	REG	0001	1	PRI
R0                                 	REG	0000	0	PRI

.XME file: C:\Users\Decartes\Downloads\OneDrive_2024-05-16\Original Assembler and Machine (xm23)\Task3.xme

